<?xml version="1.0" encoding="UTF-8"?>
<ResultSet xmlns:xsi="http://www.w3.org/2001/XMLSchema-instance" xmlns="urn:yahoo:srch" xsi:schemaLocation="urn:yahoo:srch http://api.search.yahoo.com/WebSearchService/V1/WebSearchResponse.xsd" type="web" totalResultsAvailable="16800000" totalResultsReturned="3" firstResultPosition="1" moreSearch="/WebSearchService/V1/webSearch?query=foo&amp;appid=Factor-search&amp;region=us">
<Result><Title>Official Foo Fighters</Title><Summary>Official site with news, tour dates, discography, store, community, and more.</Summary><Url>http://www.foofighters.com/</Url><ClickUrl>http://uk.wrs.yahoo.com/_ylt=A9htfSKQuq5FGiUA_S7dmMwF;_ylu=X3oDMTB2b2gzdDdtBGNvbG8DZQRsA1dTMQRwb3MDMQRzZWMDc3IEdnRpZAM-/SIG=11fm5b0tf/EXP=1169165328/**http%3a//www.foofighters.com/</ClickUrl><DisplayUrl>www.foofighters.com/</DisplayUrl><ModificationDate>1169020800</ModificationDate><MimeType>text/html</MimeType>
<Cache><Url>http://uk.wrs.yahoo.com/_ylt=A9htfSKQuq5FGiUA_i7dmMwF;_ylu=X3oDMTBwZTdwbWtkBGNvbG8DZQRwb3MDMQRzZWMDc3IEdnRpZAM-/SIG=15l9o35km/EXP=1169165328/**http%3a//216.109.125.130/search/cache%3fei=UTF-8%26appid=Factor-search%26query=foo%26results=3%26u=www.foofighters.com/%26w=foo%26d=abqay0VuOItD%26icp=1%26.intl=us</Url><Size>17070</Size></Cache>
</Result>

<Result><Title>foo</Title><Summary>When foo' is used in connection with bar' it has generally traced to the WWII ... was itself a derivative of foo' perhaps influenced by German furchtbar ...</Summary><Url>http://www.catb.org/~esr/jargon/html/F/foo.html</Url><ClickUrl>http://uk.wrs.yahoo.com/_ylt=A9htfSKQuq5FGiUAAC_dmMwF;_ylu=X3oDMTB2dnY0Nm1iBGNvbG8DZQRsA1dTMQRwb3MDMgRzZWMDc3IEdnRpZAM-/SIG=125tgmioe/EXP=1169165328/**http%3a//www.catb.org/%7eesr/jargon/html/F/foo.html</ClickUrl><DisplayUrl>www.catb.org/~esr/jargon/html/F/foo.html</DisplayUrl><ModificationDate>1072684800</ModificationDate><MimeType>text/html</MimeType>
<Cache><Url>http://uk.wrs.yahoo.com/_ylt=A9htfSKQuq5FGiUAAS_dmMwF;_ylu=X3oDMTBwbGppbHRwBGNvbG8DZQRwb3MDMgRzZWMDc3IEdnRpZAM-/SIG=16d2m07tf/EXP=1169165328/**http%3a//216.109.125.130/search/cache%3fei=UTF-8%26appid=Factor-search%26query=foo%26results=3%26u=www.catb.org/%257Eesr/jargon/html/F/foo.html%26w=foo%26d=N-xgzEVuOH3u%26icp=1%26.intl=us</Url><Size>10208</Size></Cache>
</Result>

<Result><Title>foo - a definition from Whatis.com</Title><Summary>... tend to use the term foo (pronounced FOO) as a universal substitute for ... The unofficial "Etymology of Foo" from the IETF traces it back to Bill Holman's cartoon. ...</Summary><Url>http://whatis.techtarget.com/definition/0,,sid9_gci212139,00.html</Url><ClickUrl>http://uk.wrs.yahoo.com/_ylt=A9htfSKQuq5FGiUAAy_dmMwF;_ylu=X3oDMTB2c2Zzc202BGNvbG8DZQRsA1dTMQRwb3MDMwRzZWMDc3IEdnRpZAM-/SIG=12lhlmeju/EXP=1169165328/**http%3a//whatis.techtarget.com/definition/0,,sid9_gci212139,00.html</ClickUrl><DisplayUrl>whatis.techtarget.com/definition/0,,sid9_gci212139,00.html</DisplayUrl><ModificationDate>1169020800</ModificationDate><MimeType>text/html</MimeType>
<Cache><Url>http://uk.wrs.yahoo.com/_ylt=A9htfSKQuq5FGiUABC_dmMwF;_ylu=X3oDMTBwbTJyZTk4BGNvbG8DZQRwb3MDMwRzZWMDc3IEdnRpZAM-/SIG=177a52ljh/EXP=1169165328/**http%3a//216.109.125.130/search/cache%3fei=UTF-8%26appid=Factor-search%26query=foo%26results=3%26u=whatis.techtarget.com/definition/0%252C%252Csid9_gci212139%252C00.html%26w=foo%26d=I3EHekVuOIqr%26icp=1%26.intl=us</Url><Size>64567</Size></Cache>
</Result>
</ResultSet>
<!-- ws02.search.re2.yahoo.com compressed/chunked Wed Jan 17 16:08:48 PST 2007 -->
